2018-04-04 14:26:34.439  INFO 2168 --- [main] e.f.eadmin.eadmin.EadminApplication      : Starting EadminApplication on mvformacion with PID 2168 (C:\Users\formacion\Desktop\Java\eadmin-master\target\classes started by formacion in C:\Users\formacion\Desktop\Java\eadmin-master)
2018-04-04 14:26:34.439  INFO 2168 --- [main] e.f.eadmin.eadmin.EadminApplication      : No active profile set, falling back to default profiles: default
2018-04-04 14:26:34.486  INFO 2168 --- [main] ConfigServletWebServerApplicationContext : Refreshing org.springframework.boot.web.servlet.context.AnnotationConfigServletWebServerApplicationContext@3b2cf7ab: startup date [Wed Apr 04 14:26:34 CEST 2018]; root of context hierarchy
2018-04-04 14:26:35.614  INFO 2168 --- [main] o.s.b.w.embedded.tomcat.TomcatWebServer  : Tomcat initialized with port(s): 8080 (http)
2018-04-04 14:26:35.642  INFO 2168 --- [main] o.apache.catalina.core.StandardService   : Starting service [Tomcat]
2018-04-04 14:26:35.643  INFO 2168 --- [main] org.apache.catalina.core.StandardEngine  : Starting Servlet Engine: Apache Tomcat/8.5.28
2018-04-04 14:26:35.652  INFO 2168 --- [localhost-startStop-1] o.a.catalina.core.AprLifecycleListener   : The APR based Apache Tomcat Native library which allows optimal performance in production environments was not found on the java.library.path: [C:\Program Files\Java\jre1.8.0_152\bin;C:\WINDOWS\Sun\Java\bin;C:\WINDOWS\system32;C:\WINDOWS;C:/Program Files/Java/jre1.8.0_152/bin/server;C:/Program Files/Java/jre1.8.0_152/bin;C:/Program Files/Java/jre1.8.0_152/lib/amd64;C:\ProgramData\Oracle\Java\javapath;C:\Oracle\product\11.2.0\client_1\bin;C:\WINDOWS\system32;C:\WINDOWS;C:\WINDOWS\System32\Wbem;C:\WINDOWS\System32\WindowsPowerShell\v1.0\;C:\Program Files\TortoiseSVN\bin;C:\Program Files\Git\cmd;c:\Program Files\Microsoft SQL Server\110\Tools\Binn\;c:\Program Files (x86)\Microsoft SQL Server\110\Tools\Binn\ManagementStudio\;c:\Program Files (x86)\Microsoft SQL Server\110\Tools\Binn\;c:\Program Files (x86)\Microsoft Visual Studio 10.0\Common7\IDE\PrivateAssemblies\;c:\Program Files (x86)\Microsoft SQL Server\110\DTS\Binn\;c:\Program Files\Microsoft SQL Server\110\DTS\Binn\;C:\Users\formacion\AppData\Local\Microsoft\WindowsApps;;C:\Program Files\eclipse\jee-oxygen\eclipse;;.]
2018-04-04 14:26:35.761  INFO 2168 --- [localhost-startStop-1] o.a.c.c.C.[Tomcat].[localhost].[/]       : Initializing Spring embedded WebApplicationContext
2018-04-04 14:26:35.761  INFO 2168 --- [localhost-startStop-1] o.s.web.context.ContextLoader            : Root WebApplicationContext: initialization completed in 1275 ms
2018-04-04 14:26:35.902  INFO 2168 --- [localhost-startStop-1] o.s.b.w.servlet.ServletRegistrationBean  : Servlet dispatcherServlet mapped to [/]
2018-04-04 14:26:35.917  INFO 2168 --- [localhost-startStop-1] o.s.b.w.servlet.FilterRegistrationBean   : Mapping filter: 'characterEncodingFilter' to: [/*]
2018-04-04 14:26:35.917  INFO 2168 --- [localhost-startStop-1] o.s.b.w.servlet.FilterRegistrationBean   : Mapping filter: 'hiddenHttpMethodFilter' to: [/*]
2018-04-04 14:26:35.917  INFO 2168 --- [localhost-startStop-1] o.s.b.w.servlet.FilterRegistrationBean   : Mapping filter: 'httpPutFormContentFilter' to: [/*]
2018-04-04 14:26:35.917  INFO 2168 --- [localhost-startStop-1] o.s.b.w.servlet.FilterRegistrationBean   : Mapping filter: 'requestContextFilter' to: [/*]
2018-04-04 14:26:36.214  INFO 2168 --- [main] s.w.s.m.m.a.RequestMappingHandlerAdapter : Looking for @ControllerAdvice: org.springframework.boot.web.servlet.context.AnnotationConfigServletWebServerApplicationContext@3b2cf7ab: startup date [Wed Apr 04 14:26:34 CEST 2018]; root of context hierarchy
2018-04-04 14:26:36.293  INFO 2168 --- [main] s.w.s.m.m.a.RequestMappingHandlerMapping : Mapped "{[/eadmin/documentos/{codigo}],methods=[GET]}" onto public org.springframework.http.ResponseEntity<es.fpdual.eadmin.eadmin.modelo.Documento> es.fpdual.eadmin.eadmin.controlador.ControladorEadmin.getDocumento(java.lang.Integer)
2018-04-04 14:26:36.293  INFO 2168 --- [main] s.w.s.m.m.a.RequestMappingHandlerMapping : Mapped "{[/eadmin/documentos/eliminar/{codigo}],methods=[POST]}" onto public org.springframework.http.ResponseEntity<?> es.fpdual.eadmin.eadmin.controlador.ControladorEadmin.eliminarDocumento(java.lang.Integer)
2018-04-04 14:26:36.293  INFO 2168 --- [main] s.w.s.m.m.a.RequestMappingHandlerMapping : Mapped "{[/eadmin/documentos],methods=[GET]}" onto public org.springframework.http.ResponseEntity<java.util.List<es.fpdual.eadmin.eadmin.modelo.Documento>> es.fpdual.eadmin.eadmin.controlador.ControladorEadmin.getTodosDocumentos()
2018-04-04 14:26:36.293  INFO 2168 --- [main] s.w.s.m.m.a.RequestMappingHandlerMapping : Mapped "{[/error]}" onto public org.springframework.http.ResponseEntity<java.util.Map<java.lang.String, java.lang.Object>> org.springframework.boot.autoconfigure.web.servlet.error.BasicErrorController.error(javax.servlet.http.HttpServletRequest)
2018-04-04 14:26:36.293  INFO 2168 --- [main] s.w.s.m.m.a.RequestMappingHandlerMapping : Mapped "{[/error],produces=[text/html]}" onto public org.springframework.web.servlet.ModelAndView org.springframework.boot.autoconfigure.web.servlet.error.BasicErrorController.errorHtml(javax.servlet.http.HttpServletRequest,javax.servlet.http.HttpServletResponse)
2018-04-04 14:26:36.325  INFO 2168 --- [main] o.s.w.s.handler.SimpleUrlHandlerMapping  : Mapped URL path [/webjars/**] onto handler of type [class org.springframework.web.servlet.resource.ResourceHttpRequestHandler]
2018-04-04 14:26:36.325  INFO 2168 --- [main] o.s.w.s.handler.SimpleUrlHandlerMapping  : Mapped URL path [/**] onto handler of type [class org.springframework.web.servlet.resource.ResourceHttpRequestHandler]
2018-04-04 14:26:36.388  INFO 2168 --- [main] o.s.w.s.handler.SimpleUrlHandlerMapping  : Mapped URL path [/**/favicon.ico] onto handler of type [class org.springframework.web.servlet.resource.ResourceHttpRequestHandler]
2018-04-04 14:26:36.559  INFO 2168 --- [main] o.s.j.e.a.AnnotationMBeanExporter        : Registering beans for JMX exposure on startup
2018-04-04 14:26:36.590  INFO 2168 --- [main] o.s.b.w.embedded.tomcat.TomcatWebServer  : Tomcat started on port(s): 8080 (http) with context path ''
2018-04-04 14:26:36.590  INFO 2168 --- [main] e.f.eadmin.eadmin.EadminApplication      : Started EadminApplication in 2.493 seconds (JVM running for 2.888)
2018-04-04 14:26:36.590  INFO 2168 --- [main] e.f.e.e.r.impl.RepositorioDocumentoImpl  : Entrando en el método "altaDocumento"
2018-04-04 14:26:36.590  INFO 2168 --- [main] e.f.e.e.r.impl.RepositorioDocumentoImpl  : Documento con código 1 creado correctamente.
2018-04-04 14:26:36.590  INFO 2168 --- [main] e.f.e.e.r.impl.RepositorioDocumentoImpl  : Saliendo del método "altaDocumento"
2018-04-04 14:26:36.590  INFO 2168 --- [main] e.f.e.e.r.impl.RepositorioDocumentoImpl  : Entrando en el método "altaDocumento"
2018-04-04 14:26:36.590  INFO 2168 --- [main] e.f.e.e.r.impl.RepositorioDocumentoImpl  : Documento con código 2 creado correctamente.
2018-04-04 14:26:36.590  INFO 2168 --- [main] e.f.e.e.r.impl.RepositorioDocumentoImpl  : Saliendo del método "altaDocumento"
2018-04-04 14:26:36.590  INFO 2168 --- [main] e.f.e.e.r.impl.RepositorioDocumentoImpl  : Entrando en el método "altaDocumento"
2018-04-04 14:26:36.590  INFO 2168 --- [main] e.f.e.e.r.impl.RepositorioDocumentoImpl  : Documento con código 3 creado correctamente.
2018-04-04 14:26:36.590  INFO 2168 --- [main] e.f.e.e.r.impl.RepositorioDocumentoImpl  : Saliendo del método "altaDocumento"
2018-04-04 14:26:36.590  INFO 2168 --- [main] e.f.e.e.r.impl.RepositorioDocumentoImpl  : Entrando en el método "altaDocumento"
2018-04-04 14:26:36.590  INFO 2168 --- [main] e.f.e.e.r.impl.RepositorioDocumentoImpl  : Documento con código 4 creado correctamente.
2018-04-04 14:26:36.590  INFO 2168 --- [main] e.f.e.e.r.impl.RepositorioDocumentoImpl  : Saliendo del método "altaDocumento"
2018-04-04 14:26:36.590  INFO 2168 --- [main] e.f.eadmin.eadmin.EadminApplication      : Fin run
2018-04-04 14:27:26.544  INFO 2168 --- [http-nio-8080-exec-1] o.a.c.c.C.[Tomcat].[localhost].[/]       : Initializing Spring FrameworkServlet 'dispatcherServlet'
2018-04-04 14:27:26.545  INFO 2168 --- [http-nio-8080-exec-1] o.s.web.servlet.DispatcherServlet        : FrameworkServlet 'dispatcherServlet': initialization started
2018-04-04 14:27:26.555  INFO 2168 --- [http-nio-8080-exec-1] o.s.web.servlet.DispatcherServlet        : FrameworkServlet 'dispatcherServlet': initialization completed in 10 ms
2018-04-04 14:27:26.668  INFO 2168 --- [http-nio-8080-exec-1] e.f.e.e.r.impl.RepositorioDocumentoImpl  : Entrando en el método "eliminarDocumento"
2018-04-04 14:27:26.683  INFO 2168 --- [http-nio-8080-exec-1] e.f.e.e.r.impl.RepositorioDocumentoImpl  : Documento eliminado.
2018-04-04 14:27:26.683  INFO 2168 --- [http-nio-8080-exec-1] e.f.e.e.r.impl.RepositorioDocumentoImpl  : Saliendo del método "eliminarDocumento"
2018-04-04 14:27:39.615  INFO 2168 --- [http-nio-8080-exec-2] e.f.e.e.r.impl.RepositorioDocumentoImpl  : Entrando en el método "eliminarDocumento"
2018-04-04 14:27:39.616  INFO 2168 --- [http-nio-8080-exec-2] e.f.e.e.r.impl.RepositorioDocumentoImpl  : Documento eliminado.
2018-04-04 14:27:39.617  INFO 2168 --- [http-nio-8080-exec-2] e.f.e.e.r.impl.RepositorioDocumentoImpl  : Saliendo del método "eliminarDocumento"
2018-04-04 14:28:34.087  WARN 2168 --- [http-nio-8080-exec-3] o.s.web.servlet.PageNotFound             : Request method 'POST' not supported
2018-04-04 14:28:43.341  WARN 2168 --- [http-nio-8080-exec-4] o.s.web.servlet.PageNotFound             : Request method 'POST' not supported
2018-04-04 14:28:51.333  INFO 2168 --- [http-nio-8080-exec-5] e.f.e.e.r.impl.RepositorioDocumentoImpl  : Entrando en el método "obtenerTodosLosDocumentos"
2018-04-04 14:28:51.335  INFO 2168 --- [http-nio-8080-exec-5] e.f.e.e.r.impl.RepositorioDocumentoImpl  : Código: 2, Nombre: Ejemplo2, Fecha Creación: Wed Apr 04 14:26:35 CEST 2018, Público: false y Estado Documento: APROBADO
2018-04-04 14:28:51.335  INFO 2168 --- [http-nio-8080-exec-5] e.f.e.e.r.impl.RepositorioDocumentoImpl  : Código: 3, Nombre: Ejemplo3, Fecha Creación: Wed Apr 04 14:26:35 CEST 2018, Público: true y Estado Documento: ELIMINADO
2018-04-04 14:28:51.335  INFO 2168 --- [http-nio-8080-exec-5] e.f.e.e.r.impl.RepositorioDocumentoImpl  : Saliendo del método "obtenerTodosLosDocumentos"
2018-04-04 14:29:01.595  INFO 2168 --- [http-nio-8080-exec-6] e.f.e.e.r.impl.RepositorioDocumentoImpl  : Entrando en el método "obtenerDocumentoPorCodigo"
2018-04-04 14:29:01.597  INFO 2168 --- [http-nio-8080-exec-6] e.f.e.e.r.impl.RepositorioDocumentoImpl  : Saliendo del método "obtenerDocumentoPorCodigo" devolviendo un documento
2018-04-04 14:30:40.929  INFO 2168 --- [http-nio-8080-exec-8] e.f.e.e.r.impl.RepositorioDocumentoImpl  : Entrando en el método "obtenerDocumentoPorCodigo"
2018-04-04 14:30:40.930  INFO 2168 --- [http-nio-8080-exec-8] e.f.e.e.r.impl.RepositorioDocumentoImpl  : Saliendo del método "obtenerDocumentoPorCodigo" sin devolver nada
